<?xml version="1.0" encoding="UTF-8"?>
<!-- Generated by org.testng.reporters.JUnitReportReporter -->
<testsuite hostname="Simrans-MacBook-Air.local" failures="0" tests="5" name="testNgpro.TestNgclass" time="39.326" errors="0" timestamp="2022-02-02T17:40:03 EST" skipped="0">
  <testcase classname="testNgpro.TestNgclass" name="signup" time="11.764"/>
  <system-out/>
  <testcase classname="testNgpro.TestNgclass" name="login" time="11.646"/>
  <system-out/>
  <testcase classname="testNgpro.TestNgclass" name="laptopselect" time="9.529"/>
  <system-out/>
  <testcase classname="testNgpro.TestNgclass" name="addCartAlert" time="3.116"/>
  <system-out/>
  <testcase classname="testNgpro.TestNgclass" name="cartPage" time="3.271"/>
  <system-out/>
</testsuite> <!-- testNgpro.TestNgclass -->
